
> voxel-fortnite@1.0.0 server
> node server.js

âœ… Authoritative multiplayer server listening on ws://localhost:3001
ðŸ“¡ Server-side hit detection enabled
ðŸ›¡ï¸  Anti-cheat: ROF validation, ammo tracking, lag compensation
[MP] Client connected 624d0826-7323-4a6c-b09e-c8ce1b193170. Active: 1
[MP][room:APC] players=1 host=624d0826-7323-4a6c-b09e-c8ce1b193170 started=n/a settings=no-settings [join]
[MP][room:APC] players=1 host=624d0826-7323-4a6c-b09e-c8ce1b193170 started=n/a settings={"mapSize":50,"enemyCount":15,"stormEnabled":false,"seed":"1","fixedSpawn":true} [settings-update]
[MP] Client connected 5de0f656-6d94-4633-a235-3d62256e22e7. Active: 2
[MP][room:APC] players=2 host=624d0826-7323-4a6c-b09e-c8ce1b193170 started=n/a settings={"mapSize":50,"enemyCount":15,"stormEnabled":false,"seed":"1","fixedSpawn":true} [join]
[MP][room:APC] players=1 host=624d0826-7323-4a6c-b09e-c8ce1b193170 started=n/a settings={"mapSize":50,"enemyCount":15,"stormEnabled":false,"seed":"1","fixedSpawn":true} [leave]
[MP] Client disconnected 5de0f656-6d94-4633-a235-3d62256e22e7. Active: 1
[MP] Client connected b1b18338-d629-4f9a-abb2-4f837ac69aac. Active: 2
[MP][room:APC] players=2 host=624d0826-7323-4a6c-b09e-c8ce1b193170 started=n/a settings={"mapSize":50,"enemyCount":15,"stormEnabled":false,"seed":"1","fixedSpawn":true} [join]
[MP][room:APC] players=2 host=624d0826-7323-4a6c-b09e-c8ce1b193170 started=2025-12-02T18:54:32.981Z settings={"mapSize":50,"enemyCount":15,"stormEnabled":false,"seed":"1","fixedSpawn":true} [match-start]
[SHOOT] 624d0826 fired Pistol from (-0.1, 1.6, 5.4) dir:(-0.17, -0.06, -0.98)
[MISS] 624d0826 (Pistol)
[SHOOT] 624d0826 fired Pistol from (-0.1, 1.6, 5.4) dir:(-0.11, -0.03, -0.99)
[MISS] 624d0826 (Pistol)
[SHOOT] 624d0826 fired Pistol from (-0.1, 1.6, 5.4) dir:(-0.14, -0.02, -0.99)
[MISS] 624d0826 (Pistol)
[SHOOT] 624d0826 fired Pistol from (-0.1, 1.6, 5.4) dir:(-0.16, -0.02, -0.99)
[MISS] 624d0826 (Pistol)
[SHOOT] 624d0826 fired Pistol from (-0.1, 1.6, 5.4) dir:(-0.20, -0.02, -0.98)
[MISS] 624d0826 (Pistol)
[SHOOT] 624d0826 fired Pistol from (-0.1, 1.6, 5.4) dir:(-0.23, -0.02, -0.97)
[MISS] 624d0826 (Pistol)
[SHOOT] 624d0826 fired Pistol from (-0.1, 1.6, 5.4) dir:(-0.26, -0.02, -0.96)
[MISS] 624d0826 (Pistol)
[SHOOT] 624d0826 fired Pistol from (-0.1, 1.6, 5.4) dir:(-0.28, -0.09, -0.96)
[MISS] 624d0826 (Pistol)
[SHOOT] 624d0826 fired Pistol from (-0.1, 1.6, 5.4) dir:(-0.28, -0.09, -0.96)
[MISS] 624d0826 (Pistol)
[SHOOT] 624d0826 fired Pistol from (-0.1, 1.6, 5.4) dir:(-0.26, -0.11, -0.96)
[MISS] 624d0826 (Pistol)
[SHOOT] 624d0826 fired Pistol from (-0.1, 1.6, 5.4) dir:(-0.25, -0.18, -0.95)
[MISS] 624d0826 (Pistol)
[SHOOT] 624d0826 fired Pistol from (-0.1, 1.6, 5.4) dir:(-0.24, -0.25, -0.94)
[MISS] 624d0826 (Pistol)
[SHOOT] 624d0826 fired Pistol from (-0.1, 1.6, 5.4) dir:(-0.23, -0.29, -0.93)
[MISS] 624d0826 (Pistol)
[SHOOT] 624d0826 fired Pistol from (-0.1, 1.6, 5.4) dir:(-0.15, -0.31, -0.94)
[MISS] 624d0826 (Pistol)
[SHOOT] 624d0826 fired Pistol from (-0.1, 1.6, 5.4) dir:(-0.09, -0.29, -0.95)
[MISS] 624d0826 (Pistol)
[SHOOT] 624d0826 fired Pistol from (-0.1, 1.6, 5.4) dir:(-0.06, -0.18, -0.98)
[HIT] 624d0826 -> b1b18338 (Pistol: 25 dmg, dist: 4.78m)
  Target pos: (-0.0, 0.0, -0.0)
  Hit point: (-0.3, 0.7, 0.7)
  Health: 100 -> 100 | Shield: 100 -> 75 
[HIT] 624d0826-7323-4a6c-b09e-c8ce1b193170 -> b1b18338-d629-4f9a-abb2-4f837ac69aac (Pistol: 25 dmg) 
[SHOOT] 624d0826 fired Pistol from (-0.1, 1.6, 5.4) dir:(-0.08, -0.17, -0.98)
[HIT] 624d0826 -> b1b18338 (Pistol: 25 dmg, dist: 4.86m)
  Target pos: (-0.0, 0.0, -0.0)
  Hit point: (-0.5, 0.8, 0.6)
  Health: 100 -> 100 | Shield: 75 -> 50 
[HIT] 624d0826-7323-4a6c-b09e-c8ce1b193170 -> b1b18338-d629-4f9a-abb2-4f837ac69aac (Pistol: 25 dmg) 
[SHOOT] 624d0826 fired Pistol from (-0.1, 1.6, 5.4) dir:(-0.06, -0.18, -0.98)
[HIT] 624d0826 -> b1b18338 (Pistol: 25 dmg, dist: 4.82m)
  Target pos: (-0.0, 0.0, -0.0)
  Hit point: (-0.4, 0.7, 0.7)
  Health: 100 -> 100 | Shield: 50 -> 25 
[HIT] 624d0826-7323-4a6c-b09e-c8ce1b193170 -> b1b18338-d629-4f9a-abb2-4f837ac69aac (Pistol: 25 dmg) 
[SHOOT] 624d0826 fired Pistol from (-0.1, 1.6, 5.4) dir:(-0.06, -0.18, -0.98)
[HIT] 624d0826 -> b1b18338 (Pistol: 25 dmg, dist: 4.82m)
  Target pos: (-0.0, 0.0, -0.0)
  Hit point: (-0.4, 0.7, 0.7)
  Health: 100 -> 100 | Shield: 25 -> 0 
[HIT] 624d0826-7323-4a6c-b09e-c8ce1b193170 -> b1b18338-d629-4f9a-abb2-4f837ac69aac (Pistol: 25 dmg) 
[SHOOT] 624d0826 fired Pistol from (-0.1, 1.6, 5.4) dir:(-0.06, -0.18, -0.98)
[HIT] 624d0826 -> b1b18338 (Pistol: 25 dmg, dist: 4.82m)
  Target pos: (-0.0, 0.0, -0.0)
  Hit point: (-0.4, 0.7, 0.7)
  Health: 100 -> 75 | Shield: 0 -> 0 
[HIT] 624d0826-7323-4a6c-b09e-c8ce1b193170 -> b1b18338-d629-4f9a-abb2-4f837ac69aac (Pistol: 25 dmg) 
[SHOOT] 624d0826 fired Pistol from (-0.1, 1.6, 5.4) dir:(-0.06, -0.18, -0.98)
[HIT] 624d0826 -> b1b18338 (Pistol: 25 dmg, dist: 4.82m)
  Target pos: (-0.0, 0.0, -0.0)
  Hit point: (-0.4, 0.7, 0.7)
  Health: 75 -> 50 | Shield: 0 -> 0 
[HIT] 624d0826-7323-4a6c-b09e-c8ce1b193170 -> b1b18338-d629-4f9a-abb2-4f837ac69aac (Pistol: 25 dmg) 
[SHOOT] 624d0826 fired Pistol from (-0.1, 1.6, 5.4) dir:(-0.06, -0.18, -0.98)
[HIT] 624d0826 -> b1b18338 (Pistol: 25 dmg, dist: 4.82m)
  Target pos: (-0.0, 0.0, -0.0)
  Hit point: (-0.4, 0.7, 0.7)
  Health: 50 -> 25 | Shield: 0 -> 0 
[HIT] 624d0826-7323-4a6c-b09e-c8ce1b193170 -> b1b18338-d629-4f9a-abb2-4f837ac69aac (Pistol: 25 dmg) 
[SHOOT] 624d0826 fired Pistol from (-0.1, 1.6, 5.4) dir:(-0.06, -0.18, -0.98)
[HIT] 624d0826 -> b1b18338 (Pistol: 25 dmg, dist: 4.82m)
  Target pos: (-0.0, 0.0, -0.0)
  Hit point: (-0.4, 0.7, 0.7)
  Health: 25 -> 1 | Shield: 0 -> 0 
[HIT] 624d0826-7323-4a6c-b09e-c8ce1b193170 -> b1b18338-d629-4f9a-abb2-4f837ac69aac (Pistol: 25 dmg) 
[SHOOT] 624d0826 fired Pistol from (-0.1, 1.6, 5.4) dir:(-0.06, -0.18, -0.98)
[HIT] 624d0826 -> b1b18338 (Pistol: 25 dmg, dist: 4.82m)
  Target pos: (-0.0, 0.0, -0.0)
  Hit point: (-0.4, 0.7, 0.7)
  Health: 1 -> 1 | Shield: 0 -> 0 
[HIT] 624d0826-7323-4a6c-b09e-c8ce1b193170 -> b1b18338-d629-4f9a-abb2-4f837ac69aac (Pistol: 25 dmg) 
[SHOOT] 624d0826 fired Pistol from (-0.1, 1.6, 5.4) dir:(-0.06, -0.18, -0.98)
[HIT] 624d0826 -> b1b18338 (Pistol: 25 dmg, dist: 4.82m)
  Target pos: (-0.0, 0.0, -0.0)
  Hit point: (-0.4, 0.7, 0.7)
  Health: 1 -> 1 | Shield: 0 -> 0 
[HIT] 624d0826-7323-4a6c-b09e-c8ce1b193170 -> b1b18338-d629-4f9a-abb2-4f837ac69aac (Pistol: 25 dmg) 
[SHOOT] 624d0826 fired Pistol from (-0.1, 1.6, 5.4) dir:(-0.06, -0.18, -0.98)
[HIT] 624d0826 -> b1b18338 (Pistol: 25 dmg, dist: 4.82m)
  Target pos: (-0.0, 0.0, -0.0)
  Hit point: (-0.4, 0.7, 0.7)
  Health: 1 -> 1 | Shield: 0 -> 0 
[HIT] 624d0826-7323-4a6c-b09e-c8ce1b193170 -> b1b18338-d629-4f9a-abb2-4f837ac69aac (Pistol: 25 dmg) 
[SHOOT] 624d0826 fired Pistol from (-0.1, 1.6, 5.4) dir:(-0.06, -0.18, -0.98)
[HIT] 624d0826 -> b1b18338 (Pistol: 25 dmg, dist: 4.82m)
  Target pos: (-0.0, 0.0, -0.0)
  Hit point: (-0.4, 0.7, 0.7)
  Health: 1 -> 1 | Shield: 0 -> 0 
[HIT] 624d0826-7323-4a6c-b09e-c8ce1b193170 -> b1b18338-d629-4f9a-abb2-4f837ac69aac (Pistol: 25 dmg) 
[SHOOT] 624d0826 fired Pistol from (-0.1, 1.6, 5.4) dir:(-0.06, -0.18, -0.98)
[HIT] 624d0826 -> b1b18338 (Pistol: 25 dmg, dist: 4.82m)
  Target pos: (-0.0, 0.0, -0.0)
  Hit point: (-0.4, 0.7, 0.7)
  Health: 1 -> 1 | Shield: 0 -> 0 
[HIT] 624d0826-7323-4a6c-b09e-c8ce1b193170 -> b1b18338-d629-4f9a-abb2-4f837ac69aac (Pistol: 25 dmg) 
[SHOOT] 624d0826 fired Pistol from (-0.1, 1.6, 5.4) dir:(-0.06, -0.18, -0.98)
[HIT] 624d0826 -> b1b18338 (Pistol: 25 dmg, dist: 4.82m)
  Target pos: (-0.0, 0.0, -0.0)
  Hit point: (-0.4, 0.7, 0.7)
  Health: 1 -> 1 | Shield: 0 -> 0 
[HIT] 624d0826-7323-4a6c-b09e-c8ce1b193170 -> b1b18338-d629-4f9a-abb2-4f837ac69aac (Pistol: 25 dmg) 
[SHOOT] 624d0826 fired Pistol from (-0.1, 1.6, 5.4) dir:(-0.06, -0.18, -0.98)
[HIT] 624d0826 -> b1b18338 (Pistol: 25 dmg, dist: 4.82m)
  Target pos: (-0.0, 0.0, -0.0)
  Hit point: (-0.4, 0.7, 0.7)
  Health: 1 -> 1 | Shield: 0 -> 0 
[HIT] 624d0826-7323-4a6c-b09e-c8ce1b193170 -> b1b18338-d629-4f9a-abb2-4f837ac69aac (Pistol: 25 dmg) 
[SHOOT] 624d0826 fired Pistol from (-0.1, 1.6, 5.4) dir:(-0.06, -0.18, -0.98)
[HIT] 624d0826 -> b1b18338 (Pistol: 25 dmg, dist: 4.82m)
  Target pos: (-0.0, 0.0, -0.0)
  Hit point: (-0.4, 0.7, 0.7)
  Health: 1 -> 1 | Shield: 0 -> 0 
[HIT] 624d0826-7323-4a6c-b09e-c8ce1b193170 -> b1b18338-d629-4f9a-abb2-4f837ac69aac (Pistol: 25 dmg) 
[SHOOT] 624d0826 fired Pistol from (-0.1, 1.6, 5.4) dir:(-0.06, -0.18, -0.98)
[HIT] 624d0826 -> b1b18338 (Pistol: 25 dmg, dist: 4.82m)
  Target pos: (-0.0, 0.0, -0.0)
  Hit point: (-0.4, 0.7, 0.7)
  Health: 1 -> 1 | Shield: 0 -> 0 
[HIT] 624d0826-7323-4a6c-b09e-c8ce1b193170 -> b1b18338-d629-4f9a-abb2-4f837ac69aac (Pistol: 25 dmg) 
[SHOOT] 624d0826 fired Pistol from (-0.1, 1.6, 5.4) dir:(-0.06, -0.18, -0.98)
[HIT] 624d0826 -> b1b18338 (Pistol: 25 dmg, dist: 4.82m)
  Target pos: (-0.0, 0.0, -0.0)
  Hit point: (-0.4, 0.7, 0.7)
  Health: 1 -> 1 | Shield: 0 -> 0 
[HIT] 624d0826-7323-4a6c-b09e-c8ce1b193170 -> b1b18338-d629-4f9a-abb2-4f837ac69aac (Pistol: 25 dmg) 
[SHOOT] 624d0826 fired Pistol from (-0.1, 1.6, 5.4) dir:(-0.06, -0.19, -0.98)
[HIT] 624d0826 -> b1b18338 (Pistol: 25 dmg, dist: 4.83m)
  Target pos: (-0.0, 0.0, -0.0)
  Hit point: (-0.4, 0.7, 0.6)
  Health: 1 -> 1 | Shield: 0 -> 0 
[HIT] 624d0826-7323-4a6c-b09e-c8ce1b193170 -> b1b18338-d629-4f9a-abb2-4f837ac69aac (Pistol: 25 dmg) 
[SHOOT] 624d0826 fired Pistol from (-0.1, 1.6, 5.4) dir:(-0.06, -0.19, -0.98)
[HIT] 624d0826 -> b1b18338 (Pistol: 25 dmg, dist: 4.83m)
  Target pos: (-0.0, 0.0, -0.0)
  Hit point: (-0.4, 0.7, 0.6)
  Health: 1 -> 1 | Shield: 0 -> 0 
[HIT] 624d0826-7323-4a6c-b09e-c8ce1b193170 -> b1b18338-d629-4f9a-abb2-4f837ac69aac (Pistol: 25 dmg) 
[SHOOT] 624d0826 fired Pistol from (-0.1, 1.6, 5.4) dir:(-0.06, -0.19, -0.98)
[HIT] 624d0826 -> b1b18338 (Pistol: 25 dmg, dist: 4.83m)
  Target pos: (-0.0, 0.0, -0.0)
  Hit point: (-0.4, 0.7, 0.6)
  Health: 1 -> 1 | Shield: 0 -> 0 
[HIT] 624d0826-7323-4a6c-b09e-c8ce1b193170 -> b1b18338-d629-4f9a-abb2-4f837ac69aac (Pistol: 25 dmg) 
[SHOOT] 624d0826 fired Pistol from (-0.1, 1.6, 5.4) dir:(-0.06, -0.19, -0.98)
[HIT] 624d0826 -> b1b18338 (Pistol: 25 dmg, dist: 4.83m)
  Target pos: (-0.0, 0.0, -0.0)
  Hit point: (-0.4, 0.7, 0.6)
  Health: 1 -> 1 | Shield: 0 -> 0 
[HIT] 624d0826-7323-4a6c-b09e-c8ce1b193170 -> b1b18338-d629-4f9a-abb2-4f837ac69aac (Pistol: 25 dmg) 
[SHOOT] 624d0826 fired Pistol from (-0.1, 1.6, 5.4) dir:(-0.06, -0.19, -0.98)
[HIT] 624d0826 -> b1b18338 (Pistol: 25 dmg, dist: 4.83m)
  Target pos: (-0.0, 0.0, -0.0)
  Hit point: (-0.4, 0.7, 0.6)
  Health: 1 -> 1 | Shield: 0 -> 0 
[HIT] 624d0826-7323-4a6c-b09e-c8ce1b193170 -> b1b18338-d629-4f9a-abb2-4f837ac69aac (Pistol: 25 dmg) 
[SHOOT] 624d0826 fired Pistol from (-0.1, 1.6, 5.4) dir:(-0.06, -0.19, -0.98)
[HIT] 624d0826 -> b1b18338 (Pistol: 25 dmg, dist: 4.83m)
  Target pos: (-0.0, 0.0, -0.0)
  Hit point: (-0.4, 0.7, 0.6)
  Health: 1 -> 1 | Shield: 0 -> 0 
[HIT] 624d0826-7323-4a6c-b09e-c8ce1b193170 -> b1b18338-d629-4f9a-abb2-4f837ac69aac (Pistol: 25 dmg) 
[SHOOT] 624d0826 fired Pistol from (-0.1, 1.6, 5.4) dir:(-0.06, -0.19, -0.98)
[HIT] 624d0826 -> b1b18338 (Pistol: 25 dmg, dist: 4.83m)
  Target pos: (-0.0, 0.0, -0.0)
  Hit point: (-0.4, 0.7, 0.6)
  Health: 1 -> 1 | Shield: 0 -> 0 
[HIT] 624d0826-7323-4a6c-b09e-c8ce1b193170 -> b1b18338-d629-4f9a-abb2-4f837ac69aac (Pistol: 25 dmg) 
[SHOOT] 624d0826 fired Pistol from (-0.1, 1.6, 5.4) dir:(-0.06, -0.19, -0.98)
[HIT] 624d0826 -> b1b18338 (Pistol: 25 dmg, dist: 4.83m)
  Target pos: (-0.0, 0.0, -0.0)
  Hit point: (-0.4, 0.7, 0.6)
  Health: 1 -> 1 | Shield: 0 -> 0 
[HIT] 624d0826-7323-4a6c-b09e-c8ce1b193170 -> b1b18338-d629-4f9a-abb2-4f837ac69aac (Pistol: 25 dmg) 
[SHOOT] 624d0826 fired Pistol from (-0.1, 1.6, 5.4) dir:(-0.06, -0.19, -0.98)
[HIT] 624d0826 -> b1b18338 (Pistol: 25 dmg, dist: 4.83m)
  Target pos: (-0.0, 0.0, -0.0)
  Hit point: (-0.4, 0.7, 0.6)
  Health: 1 -> 1 | Shield: 0 -> 0 
[HIT] 624d0826-7323-4a6c-b09e-c8ce1b193170 -> b1b18338-d629-4f9a-abb2-4f837ac69aac (Pistol: 25 dmg) 
[SHOOT] 624d0826 fired Pistol from (-0.1, 1.6, 5.4) dir:(-0.06, -0.19, -0.98)
[HIT] 624d0826 -> b1b18338 (Pistol: 25 dmg, dist: 4.83m)
  Target pos: (-0.0, 0.0, -0.0)
  Hit point: (-0.4, 0.7, 0.6)
  Health: 1 -> 1 | Shield: 0 -> 0 
[HIT] 624d0826-7323-4a6c-b09e-c8ce1b193170 -> b1b18338-d629-4f9a-abb2-4f837ac69aac (Pistol: 25 dmg) 
[SHOOT] 624d0826 fired Pistol from (-0.1, 1.6, 5.4) dir:(-0.06, -0.19, -0.98)
[HIT] 624d0826 -> b1b18338 (Pistol: 25 dmg, dist: 4.83m)
  Target pos: (-0.0, 0.0, -0.0)
  Hit point: (-0.4, 0.7, 0.6)
  Health: 1 -> 1 | Shield: 0 -> 0 
[HIT] 624d0826-7323-4a6c-b09e-c8ce1b193170 -> b1b18338-d629-4f9a-abb2-4f837ac69aac (Pistol: 25 dmg) 
[SHOOT] 624d0826 fired Pistol from (-0.1, 1.6, 5.4) dir:(-0.06, -0.19, -0.98)
[HIT] 624d0826 -> b1b18338 (Pistol: 25 dmg, dist: 4.83m)
  Target pos: (-0.0, 0.0, -0.0)
  Hit point: (-0.4, 0.7, 0.6)
  Health: 1 -> 1 | Shield: 0 -> 0 
[HIT] 624d0826-7323-4a6c-b09e-c8ce1b193170 -> b1b18338-d629-4f9a-abb2-4f837ac69aac (Pistol: 25 dmg) 
[SHOOT] 624d0826 fired Pistol from (-0.1, 1.6, 5.4) dir:(-0.06, -0.19, -0.98)
[HIT] 624d0826 -> b1b18338 (Pistol: 25 dmg, dist: 4.83m)
  Target pos: (-0.0, 0.0, -0.0)
  Hit point: (-0.4, 0.7, 0.6)
  Health: 1 -> 1 | Shield: 0 -> 0 
[HIT] 624d0826-7323-4a6c-b09e-c8ce1b193170 -> b1b18338-d629-4f9a-abb2-4f837ac69aac (Pistol: 25 dmg) 
[SHOOT] 624d0826 fired Pistol from (-0.1, 1.6, 5.4) dir:(-0.08, -0.10, -0.99)
[HIT] 624d0826 -> b1b18338 (Pistol: 25 dmg, dist: 4.83m)
  Target pos: (-0.0, 0.0, -0.0)
  Hit point: (-0.4, 1.1, 0.6)
  Health: 1 -> 1 | Shield: 0 -> 0 
[HIT] 624d0826-7323-4a6c-b09e-c8ce1b193170 -> b1b18338-d629-4f9a-abb2-4f837ac69aac (Pistol: 25 dmg) 
[SHOOT] 624d0826 fired Pistol from (-0.1, 1.6, 5.4) dir:(-0.08, -0.10, -0.99)
[HIT] 624d0826 -> b1b18338 (Pistol: 25 dmg, dist: 4.83m)
  Target pos: (-0.0, 0.0, -0.0)
  Hit point: (-0.4, 1.1, 0.6)
  Health: 1 -> 1 | Shield: 0 -> 0 
[HIT] 624d0826-7323-4a6c-b09e-c8ce1b193170 -> b1b18338-d629-4f9a-abb2-4f837ac69aac (Pistol: 25 dmg) 
[SHOOT] 624d0826 fired Pistol from (-0.1, 1.6, 5.4) dir:(-0.09, -0.03, -1.00)
[HIT] 624d0826 -> b1b18338 (Pistol: 25 dmg, dist: 5.13m)
  Target pos: (-0.0, 0.0, -0.0)
  Hit point: (-0.5, 1.4, 0.3)
  Health: 1 -> 1 | Shield: 0 -> 0 
[HIT] 624d0826-7323-4a6c-b09e-c8ce1b193170 -> b1b18338-d629-4f9a-abb2-4f837ac69aac (Pistol: 25 dmg) 
[SHOOT] 624d0826 fired Pistol from (-0.1, 1.6, 5.4) dir:(-0.09, -0.03, -1.00)
[HIT] 624d0826 -> b1b18338 (Pistol: 25 dmg, dist: 5.17m)
  Target pos: (-0.0, 0.0, -0.0)
  Hit point: (-0.5, 1.5, 0.2)
  Health: 1 -> 1 | Shield: 0 -> 0 
[HIT] 624d0826-7323-4a6c-b09e-c8ce1b193170 -> b1b18338-d629-4f9a-abb2-4f837ac69aac (Pistol: 25 dmg) 
[SHOOT] 624d0826 fired Pistol from (-0.1, 1.6, 5.4) dir:(-0.09, -0.03, -1.00)
[HIT] 624d0826 -> b1b18338 (Pistol: 25 dmg, dist: 5.17m)
  Target pos: (-0.0, 0.0, -0.0)
  Hit point: (-0.5, 1.5, 0.2)
  Health: 1 -> 1 | Shield: 0 -> 0 
[HIT] 624d0826-7323-4a6c-b09e-c8ce1b193170 -> b1b18338-d629-4f9a-abb2-4f837ac69aac (Pistol: 25 dmg) 
[SHOOT] 624d0826 fired Pistol from (-0.1, 1.6, 5.4) dir:(-0.09, -0.03, -1.00)
[HIT] 624d0826 -> b1b18338 (Pistol: 25 dmg, dist: 5.17m)
  Target pos: (-0.0, 0.0, -0.0)
  Hit point: (-0.5, 1.5, 0.2)
  Health: 1 -> 1 | Shield: 0 -> 0 
[HIT] 624d0826-7323-4a6c-b09e-c8ce1b193170 -> b1b18338-d629-4f9a-abb2-4f837ac69aac (Pistol: 25 dmg) 
[SHOOT] 624d0826 fired Pistol from (-0.1, 1.6, 5.4) dir:(-0.09, 0.02, -1.00)
[MISS] 624d0826 (Pistol)
[SHOOT] 624d0826 fired Pistol from (-0.1, 1.6, 5.4) dir:(-0.09, 0.01, -1.00)
[MISS] 624d0826 (Pistol)
[SHOOT] 624d0826 fired Pistol from (-0.1, 1.6, 5.4) dir:(-0.09, 0.06, -0.99)
[MISS] 624d0826 (Pistol)
[SHOOT] 624d0826 fired Pistol from (-0.1, 1.6, 5.4) dir:(-0.09, 0.06, -0.99)
[MISS] 624d0826 (Pistol)
[SHOOT] 624d0826 fired Pistol from (-0.1, 1.6, 5.4) dir:(-0.09, 0.01, -1.00)
[MISS] 624d0826 (Pistol)
[SHOOT] 624d0826 fired Pistol from (-0.1, 1.6, 5.4) dir:(-0.10, -0.03, -0.99)
[HIT] 624d0826 -> b1b18338 (Pistol: 25 dmg, dist: 5.22m)
  Target pos: (-0.0, 0.0, -0.0)
  Hit point: (-0.6, 1.4, 0.2)
  Health: 1 -> 1 | Shield: 0 -> 0 
[HIT] 624d0826-7323-4a6c-b09e-c8ce1b193170 -> b1b18338-d629-4f9a-abb2-4f837ac69aac (Pistol: 25 dmg) 
[SHOOT] 624d0826 fired Pistol from (-0.1, 1.6, 5.4) dir:(-0.10, -0.06, -0.99)
[HIT] 624d0826 -> b1b18338 (Pistol: 25 dmg, dist: 5.06m)
  Target pos: (-0.0, 0.0, -0.0)
  Hit point: (-0.6, 1.3, 0.4)
  Health: 1 -> 1 | Shield: 0 -> 0 
[HIT] 624d0826-7323-4a6c-b09e-c8ce1b193170 -> b1b18338-d629-4f9a-abb2-4f837ac69aac (Pistol: 25 dmg) 
[SHOOT] 624d0826 fired Pistol from (-0.1, 1.6, 5.4) dir:(-0.11, -0.11, -0.99)
[HIT] 624d0826 -> b1b18338 (Pistol: 25 dmg, dist: 4.95m)
  Target pos: (-0.0, 0.0, -0.0)
  Hit point: (-0.6, 1.1, 0.5)
  Health: 1 -> 1 | Shield: 0 -> 0 
[HIT] 624d0826-7323-4a6c-b09e-c8ce1b193170 -> b1b18338-d629-4f9a-abb2-4f837ac69aac (Pistol: 25 dmg) 
[SHOOT] 624d0826 fired Pistol from (-0.1, 1.6, 5.4) dir:(-0.11, -0.13, -0.99)
[HIT] 624d0826 -> b1b18338 (Pistol: 25 dmg, dist: 4.97m)
  Target pos: (-0.0, 0.0, -0.0)
  Hit point: (-0.6, 1.0, 0.5)
  Health: 1 -> 1 | Shield: 0 -> 0 
[HIT] 624d0826-7323-4a6c-b09e-c8ce1b193170 -> b1b18338-d629-4f9a-abb2-4f837ac69aac (Pistol: 25 dmg) 
[SHOOT] 624d0826 fired Pistol from (-0.1, 1.6, 5.4) dir:(-0.11, -0.17, -0.98)
[HIT] 624d0826 -> b1b18338 (Pistol: 25 dmg, dist: 4.98m)
  Target pos: (-0.0, 0.0, -0.0)
  Hit point: (-0.6, 0.8, 0.5)
  Health: 1 -> 1 | Shield: 0 -> 0 
[HIT] 624d0826-7323-4a6c-b09e-c8ce1b193170 -> b1b18338-d629-4f9a-abb2-4f837ac69aac (Pistol: 25 dmg) 
[SHOOT] 624d0826 fired Pistol from (-0.1, 1.6, 5.4) dir:(-0.11, -0.22, -0.97)
[MISS] 624d0826 (Pistol)
[SHOOT] 624d0826 fired Pistol from (-0.1, 1.6, 5.4) dir:(-0.08, -0.27, -0.96)
[MISS] 624d0826 (Pistol)
[SHOOT] 624d0826 fired Pistol from (-0.1, 1.6, 5.4) dir:(-0.08, -0.31, -0.95)
[MISS] 624d0826 (Pistol)
[SHOOT] 624d0826 fired Pistol from (-0.1, 1.6, 5.4) dir:(-0.08, -0.30, -0.95)
[MISS] 624d0826 (Pistol)
[SHOOT] 624d0826 fired Pistol from (-0.1, 1.6, 5.4) dir:(-0.27, -0.25, -0.93)
[MISS] 624d0826 (Pistol)
[SHOOT] 624d0826 fired Pistol from (-0.1, 1.6, 5.4) dir:(-0.25, -0.19, -0.95)
[MISS] 624d0826 (Pistol)
[SHOOT] 624d0826 fired Pistol from (-0.1, 1.6, 5.4) dir:(-0.24, -0.08, -0.97)
[MISS] 624d0826 (Pistol)
[SHOOT] 624d0826 fired Pistol from (-0.1, 1.6, 5.4) dir:(-0.23, -0.06, -0.97)
[MISS] 624d0826 (Pistol)
[SHOOT] 624d0826 fired Pistol from (-0.1, 1.6, 5.4) dir:(-0.26, -0.01, -0.97)
[MISS] 624d0826 (Pistol)
[SHOOT] 624d0826 fired Pistol from (-0.1, 1.6, 5.4) dir:(-0.24, 0.01, -0.97)
[MISS] 624d0826 (Pistol)
[SHOOT] 624d0826 fired Pistol from (-0.1, 1.6, 5.4) dir:(-0.12, -0.04, -0.99)
[MISS] 624d0826 (Pistol)
[SHOOT] 624d0826 fired Pistol from (-0.1, 1.6, 5.4) dir:(-0.13, -0.10, -0.99)
[HIT] 624d0826 -> b1b18338 (Pistol: 25 dmg, dist: 5.15m)
  Target pos: (-0.0, 0.0, -0.0)
  Hit point: (-0.7, 1.1, 0.3)
  Health: 1 -> 1 | Shield: 0 -> 0 
[HIT] 624d0826-7323-4a6c-b09e-c8ce1b193170 -> b1b18338-d629-4f9a-abb2-4f837ac69aac (Pistol: 25 dmg) 
[SHOOT] 624d0826 fired Pistol from (-0.1, 1.6, 5.4) dir:(-0.13, -0.16, -0.98)
[HIT] 624d0826 -> b1b18338 (Pistol: 25 dmg, dist: 5.14m)
  Target pos: (-0.0, 0.0, -0.0)
  Hit point: (-0.7, 0.8, 0.3)
  Health: 1 -> 1 | Shield: 0 -> 0 
[HIT] 624d0826-7323-4a6c-b09e-c8ce1b193170 -> b1b18338-d629-4f9a-abb2-4f837ac69aac (Pistol: 25 dmg) 
[SHOOT] 624d0826 fired Pistol from (-0.1, 1.6, 5.4) dir:(-0.13, -0.16, -0.98)
[HIT] 624d0826 -> b1b18338 (Pistol: 25 dmg, dist: 5.14m)
  Target pos: (-0.0, 0.0, -0.0)
  Hit point: (-0.7, 0.8, 0.3)
  Health: 1 -> 1 | Shield: 0 -> 0 
[HIT] 624d0826-7323-4a6c-b09e-c8ce1b193170 -> b1b18338-d629-4f9a-abb2-4f837ac69aac (Pistol: 25 dmg) 
[SHOOT] 624d0826 fired Pistol from (-0.1, 1.6, 5.4) dir:(-0.13, -0.16, -0.98)
[HIT] 624d0826 -> b1b18338 (Pistol: 25 dmg, dist: 5.14m)
  Target pos: (-0.0, 0.0, -0.0)
  Hit point: (-0.7, 0.8, 0.3)
  Health: 1 -> 1 | Shield: 0 -> 0 
[HIT] 624d0826-7323-4a6c-b09e-c8ce1b193170 -> b1b18338-d629-4f9a-abb2-4f837ac69aac (Pistol: 25 dmg) 
[SHOOT] 624d0826 fired Pistol from (-0.1, 1.6, 5.4) dir:(-0.13, -0.16, -0.98)
[HIT] 624d0826 -> b1b18338 (Pistol: 25 dmg, dist: 5.14m)
  Target pos: (-0.0, 0.0, -0.0)
  Hit point: (-0.7, 0.8, 0.3)
  Health: 1 -> 1 | Shield: 0 -> 0 
[HIT] 624d0826-7323-4a6c-b09e-c8ce1b193170 -> b1b18338-d629-4f9a-abb2-4f837ac69aac (Pistol: 25 dmg) 
[SHOOT] 624d0826 fired Pistol from (-0.1, 1.6, 5.4) dir:(-0.18, -0.15, -0.97)
[MISS] 624d0826 (Pistol)
[SHOOT] 624d0826 fired Pistol from (-0.1, 1.6, 5.4) dir:(-0.12, -0.17, -0.98)
[HIT] 624d0826 -> b1b18338 (Pistol: 25 dmg, dist: 5.15m)
  Target pos: (-0.0, 0.0, -0.0)
  Hit point: (-0.7, 0.7, 0.3)
  Health: 1 -> 1 | Shield: 0 -> 0 
[HIT] 624d0826-7323-4a6c-b09e-c8ce1b193170 -> b1b18338-d629-4f9a-abb2-4f837ac69aac (Pistol: 25 dmg) 
[SHOOT] 624d0826 fired Pistol from (-0.1, 1.6, 5.4) dir:(-0.12, -0.17, -0.98)
[HIT] 624d0826 -> b1b18338 (Pistol: 25 dmg, dist: 5.15m)
  Target pos: (-0.0, 0.0, -0.0)
  Hit point: (-0.7, 0.7, 0.3)
  Health: 1 -> 1 | Shield: 0 -> 0 
[HIT] 624d0826-7323-4a6c-b09e-c8ce1b193170 -> b1b18338-d629-4f9a-abb2-4f837ac69aac (Pistol: 25 dmg) 
[SHOOT] 624d0826 fired Pistol from (-0.1, 1.6, 5.4) dir:(-0.12, -0.17, -0.98)
[HIT] 624d0826 -> b1b18338 (Pistol: 25 dmg, dist: 5.15m)
  Target pos: (-0.0, 0.0, -0.0)
  Hit point: (-0.7, 0.7, 0.3)
  Health: 1 -> 1 | Shield: 0 -> 0 
[HIT] 624d0826-7323-4a6c-b09e-c8ce1b193170 -> b1b18338-d629-4f9a-abb2-4f837ac69aac (Pistol: 25 dmg) 
[SHOOT] 624d0826 fired Pistol from (-0.1, 1.6, 5.4) dir:(-0.12, -0.17, -0.98)
[HIT] 624d0826 -> b1b18338 (Pistol: 25 dmg, dist: 5.15m)
  Target pos: (-0.0, 0.0, -0.0)
  Hit point: (-0.7, 0.7, 0.3)
  Health: 1 -> 1 | Shield: 0 -> 0 
[HIT] 624d0826-7323-4a6c-b09e-c8ce1b193170 -> b1b18338-d629-4f9a-abb2-4f837ac69aac (Pistol: 25 dmg) 
[SHOOT] 624d0826 fired Pistol from (-0.1, 1.6, 5.4) dir:(-0.12, -0.17, -0.98)
[HIT] 624d0826 -> b1b18338 (Pistol: 25 dmg, dist: 5.15m)
  Target pos: (-0.0, 0.0, -0.0)
  Hit point: (-0.7, 0.7, 0.3)
  Health: 1 -> 1 | Shield: 0 -> 0 
[HIT] 624d0826-7323-4a6c-b09e-c8ce1b193170 -> b1b18338-d629-4f9a-abb2-4f837ac69aac (Pistol: 25 dmg) 
[SHOOT] 624d0826 fired Pistol from (-0.1, 1.6, 5.4) dir:(-0.09, -0.21, -0.97)
[HIT] 624d0826 -> b1b18338 (Pistol: 25 dmg, dist: 5.03m)
  Target pos: (-0.0, 0.0, -0.0)
  Hit point: (-0.5, 0.6, 0.5)
  Health: 1 -> 1 | Shield: 0 -> 0 
[HIT] 624d0826-7323-4a6c-b09e-c8ce1b193170 -> b1b18338-d629-4f9a-abb2-4f837ac69aac (Pistol: 25 dmg) 
[SHOOT] 624d0826 fired Pistol from (-0.1, 1.6, 5.4) dir:(-0.09, -0.23, -0.97)
[HIT] 624d0826 -> b1b18338 (Pistol: 25 dmg, dist: 5.17m)
  Target pos: (-0.0, 0.0, -0.0)
  Hit point: (-0.5, 0.4, 0.4)
  Health: 1 -> 1 | Shield: 0 -> 0 
[HIT] 624d0826-7323-4a6c-b09e-c8ce1b193170 -> b1b18338-d629-4f9a-abb2-4f837ac69aac (Pistol: 25 dmg) 
[SHOOT] 624d0826 fired Pistol from (-0.1, 1.6, 5.4) dir:(-0.09, -0.25, -0.96)
[MISS] 624d0826 (Pistol)
[SHOOT] 624d0826 fired Pistol from (-0.1, 1.6, 5.4) dir:(-0.09, -0.25, -0.96)
[MISS] 624d0826 (Pistol)
[SHOOT] 624d0826 fired Pistol from (-0.1, 1.6, 5.4) dir:(-0.13, -0.20, -0.97)
[MISS] 624d0826 (Pistol)
[SHOOT] 624d0826 fired Pistol from (-0.1, 1.6, 5.4) dir:(-0.14, -0.17, -0.98)
[MISS] 624d0826 (Pistol)
[SHOOT] 624d0826 fired Pistol from (-0.1, 1.6, 5.4) dir:(-0.14, -0.15, -0.98)
[HIT] 624d0826 -> b1b18338 (Pistol: 25 dmg, dist: 5.31m)
  Target pos: (-0.0, 0.0, -0.0)
  Hit point: (-0.8, 0.8, 0.2)
  Health: 1 -> 1 | Shield: 0 -> 0 
[HIT] 624d0826-7323-4a6c-b09e-c8ce1b193170 -> b1b18338-d629-4f9a-abb2-4f837ac69aac (Pistol: 25 dmg) 
[SHOOT] 624d0826 fired Pistol from (-0.1, 1.6, 5.4) dir:(-0.12, -0.11, -0.99)
[HIT] 624d0826 -> b1b18338 (Pistol: 25 dmg, dist: 5.09m)
  Target pos: (-0.0, 0.0, -0.0)
  Hit point: (-0.7, 1.0, 0.4)
  Health: 1 -> 1 | Shield: 0 -> 0 
[HIT] 624d0826-7323-4a6c-b09e-c8ce1b193170 -> b1b18338-d629-4f9a-abb2-4f837ac69aac (Pistol: 25 dmg) 
[SHOOT] 624d0826 fired Pistol from (-0.1, 1.6, 5.4) dir:(-0.12, -0.11, -0.99)
[HIT] 624d0826 -> b1b18338 (Pistol: 25 dmg, dist: 5.09m)
  Target pos: (-0.0, 0.0, -0.0)
  Hit point: (-0.7, 1.0, 0.4)
  Health: 1 -> 1 | Shield: 0 -> 0 
[HIT] 624d0826-7323-4a6c-b09e-c8ce1b193170 -> b1b18338-d629-4f9a-abb2-4f837ac69aac (Pistol: 25 dmg) 
[SHOOT] 624d0826 fired Pistol from (-0.1, 1.6, 5.4) dir:(-0.12, -0.11, -0.99)
[HIT] 624d0826 -> b1b18338 (Pistol: 25 dmg, dist: 5.09m)
  Target pos: (-0.0, 0.0, -0.0)
  Hit point: (-0.7, 1.0, 0.4)
  Health: 1 -> 1 | Shield: 0 -> 0 
[HIT] 624d0826-7323-4a6c-b09e-c8ce1b193170 -> b1b18338-d629-4f9a-abb2-4f837ac69aac (Pistol: 25 dmg) 
[SHOOT] 624d0826 fired Pistol from (-0.1, 1.6, 5.4) dir:(-0.12, -0.11, -0.99)
[HIT] 624d0826 -> b1b18338 (Pistol: 25 dmg, dist: 5.09m)
  Target pos: (-0.0, 0.0, -0.0)
  Hit point: (-0.7, 1.0, 0.4)
  Health: 1 -> 1 | Shield: 0 -> 0 
[HIT] 624d0826-7323-4a6c-b09e-c8ce1b193170 -> b1b18338-d629-4f9a-abb2-4f837ac69aac (Pistol: 25 dmg) 
[SHOOT] 624d0826 fired Pistol from (-0.1, 1.6, 5.4) dir:(-0.12, -0.11, -0.99)
[HIT] 624d0826 -> b1b18338 (Pistol: 25 dmg, dist: 5.09m)
  Target pos: (-0.0, 0.0, -0.0)
  Hit point: (-0.7, 1.0, 0.4)
  Health: 1 -> 1 | Shield: 0 -> 0 
[HIT] 624d0826-7323-4a6c-b09e-c8ce1b193170 -> b1b18338-d629-4f9a-abb2-4f837ac69aac (Pistol: 25 dmg) 
[SHOOT] 624d0826 fired Pistol from (-0.1, 1.6, 5.4) dir:(-0.12, -0.11, -0.99)
[HIT] 624d0826 -> b1b18338 (Pistol: 25 dmg, dist: 5.09m)
  Target pos: (-0.0, 0.0, -0.0)
  Hit point: (-0.7, 1.0, 0.4)
  Health: 1 -> 1 | Shield: 0 -> 0 
[HIT] 624d0826-7323-4a6c-b09e-c8ce1b193170 -> b1b18338-d629-4f9a-abb2-4f837ac69aac (Pistol: 25 dmg) 
[SHOOT] 624d0826 fired Pistol from (-0.1, 1.6, 5.4) dir:(-0.12, -0.11, -0.99)
[HIT] 624d0826 -> b1b18338 (Pistol: 25 dmg, dist: 5.09m)
  Target pos: (-0.0, 0.0, -0.0)
  Hit point: (-0.7, 1.0, 0.4)
  Health: 1 -> 1 | Shield: 0 -> 0 
[HIT] 624d0826-7323-4a6c-b09e-c8ce1b193170 -> b1b18338-d629-4f9a-abb2-4f837ac69aac (Pistol: 25 dmg) 
[SHOOT] 624d0826 fired Pistol from (-0.1, 1.6, 5.4) dir:(-0.12, -0.11, -0.99)
[HIT] 624d0826 -> b1b18338 (Pistol: 25 dmg, dist: 5.09m)
  Target pos: (-0.0, 0.0, -0.0)
  Hit point: (-0.7, 1.0, 0.4)
  Health: 1 -> 1 | Shield: 0 -> 0 
[HIT] 624d0826-7323-4a6c-b09e-c8ce1b193170 -> b1b18338-d629-4f9a-abb2-4f837ac69aac (Pistol: 25 dmg) 
[SHOOT] 624d0826 fired Pistol from (-0.1, 1.6, 5.4) dir:(-0.12, -0.11, -0.99)
[HIT] 624d0826 -> b1b18338 (Pistol: 25 dmg, dist: 5.09m)
  Target pos: (-0.0, 0.0, -0.0)
  Hit point: (-0.7, 1.0, 0.4)
  Health: 1 -> 1 | Shield: 0 -> 0 
[HIT] 624d0826-7323-4a6c-b09e-c8ce1b193170 -> b1b18338-d629-4f9a-abb2-4f837ac69aac (Pistol: 25 dmg) 
[SHOOT] 624d0826 fired Pistol from (-0.1, 1.6, 5.4) dir:(-0.12, -0.11, -0.99)
[HIT] 624d0826 -> b1b18338 (Pistol: 25 dmg, dist: 5.09m)
  Target pos: (-0.0, 0.0, -0.0)
  Hit point: (-0.7, 1.0, 0.4)
  Health: 1 -> 1 | Shield: 0 -> 0 
[HIT] 624d0826-7323-4a6c-b09e-c8ce1b193170 -> b1b18338-d629-4f9a-abb2-4f837ac69aac (Pistol: 25 dmg) 
[SHOOT] 624d0826 fired Pistol from (-0.1, 1.6, 5.4) dir:(-0.12, -0.11, -0.99)
[HIT] 624d0826 -> b1b18338 (Pistol: 25 dmg, dist: 5.09m)
  Target pos: (-0.0, 0.0, -0.0)
  Hit point: (-0.7, 1.0, 0.4)
  Health: 1 -> 1 | Shield: 0 -> 0 
[HIT] 624d0826-7323-4a6c-b09e-c8ce1b193170 -> b1b18338-d629-4f9a-abb2-4f837ac69aac (Pistol: 25 dmg) 
[SHOOT] 624d0826 fired Pistol from (-0.1, 1.6, 5.4) dir:(-0.12, -0.11, -0.99)
[HIT] 624d0826 -> b1b18338 (Pistol: 25 dmg, dist: 5.09m)
  Target pos: (-0.0, 0.0, -0.0)
  Hit point: (-0.7, 1.0, 0.4)
  Health: 1 -> 1 | Shield: 0 -> 0 
[HIT] 624d0826-7323-4a6c-b09e-c8ce1b193170 -> b1b18338-d629-4f9a-abb2-4f837ac69aac (Pistol: 25 dmg) 
[SHOOT] 624d0826 fired Pistol from (-0.1, 1.6, 5.4) dir:(-0.12, -0.11, -0.99)
[HIT] 624d0826 -> b1b18338 (Pistol: 25 dmg, dist: 5.09m)
  Target pos: (-0.0, 0.0, -0.0)
  Hit point: (-0.7, 1.0, 0.4)
  Health: 1 -> 1 | Shield: 0 -> 0 
[HIT] 624d0826-7323-4a6c-b09e-c8ce1b193170 -> b1b18338-d629-4f9a-abb2-4f837ac69aac (Pistol: 25 dmg) 
[SHOOT] 624d0826 fired Pistol from (-0.1, 1.6, 5.4) dir:(-0.12, -0.11, -0.99)
[HIT] 624d0826 -> b1b18338 (Pistol: 25 dmg, dist: 5.09m)
  Target pos: (-0.0, 0.0, -0.0)
  Hit point: (-0.7, 1.0, 0.4)
  Health: 1 -> 1 | Shield: 0 -> 0 
[HIT] 624d0826-7323-4a6c-b09e-c8ce1b193170 -> b1b18338-d629-4f9a-abb2-4f837ac69aac (Pistol: 25 dmg) 
[SHOOT] 624d0826 fired Pistol from (-0.1, 1.6, 5.4) dir:(-0.12, -0.11, -0.99)
[HIT] 624d0826 -> b1b18338 (Pistol: 25 dmg, dist: 5.09m)
  Target pos: (-0.0, 0.0, -0.0)
  Hit point: (-0.7, 1.0, 0.4)
  Health: 1 -> 1 | Shield: 0 -> 0 
[HIT] 624d0826-7323-4a6c-b09e-c8ce1b193170 -> b1b18338-d629-4f9a-abb2-4f837ac69aac (Pistol: 25 dmg) 
[SHOOT] 624d0826 fired Pistol from (-0.1, 1.6, 5.4) dir:(-0.14, -0.04, -0.99)
[MISS] 624d0826 (Pistol)
[SHOOT] 624d0826 fired Pistol from (-0.1, 1.6, 5.4) dir:(-0.12, -0.03, -0.99)
[MISS] 624d0826 (Pistol)
[SHOOT] 624d0826 fired Pistol from (-0.1, 1.6, 5.4) dir:(-0.12, -0.03, -0.99)
[MISS] 624d0826 (Pistol)
[SHOOT] 624d0826 fired Pistol from (-0.1, 1.6, 5.4) dir:(-0.16, 0.02, -0.99)
[MISS] 624d0826 (Pistol)
[SHOOT] 624d0826 fired Pistol from (-0.1, 1.6, 5.4) dir:(-0.23, 0.04, -0.97)
[MISS] 624d0826 (Pistol)
[SHOOT] 624d0826 fired Pistol from (-0.1, 1.6, 5.4) dir:(-0.27, -0.05, -0.96)
[MISS] 624d0826 (Pistol)
[SHOOT] 624d0826 fired Pistol from (-0.1, 1.6, 5.4) dir:(-0.27, -0.18, -0.95)
[MISS] 624d0826 (Pistol)
[SHOOT] 624d0826 fired Pistol from (-0.1, 1.6, 5.4) dir:(-0.30, -0.23, -0.92)
[MISS] 624d0826 (Pistol)
[SHOOT] 624d0826 fired Pistol from (-0.1, 1.6, 5.4) dir:(-0.22, -0.31, -0.93)
[MISS] 624d0826 (Pistol)
